{"C:\\Users\\Edu\\Documents\\NodeJS\\Sprint2\\MemoizeFunction\\src\\memoize.ts": {"path":"C:\\Users\\Edu\\Documents\\NodeJS\\Sprint2\\MemoizeFunction\\src\\memoize.ts","all":false,"statementMap":{"0":{"start":{"line":1,"column":0},"end":{"line":1,"column":50}},"1":{"start":{"line":2,"column":0},"end":{"line":2,"column":0}},"2":{"start":{"line":3,"column":0},"end":{"line":3,"column":60}},"3":{"start":{"line":4,"column":0},"end":{"line":4,"column":46}},"4":{"start":{"line":5,"column":0},"end":{"line":5,"column":0}},"5":{"start":{"line":6,"column":0},"end":{"line":6,"column":36}},"6":{"start":{"line":7,"column":0},"end":{"line":7,"column":78}},"7":{"start":{"line":8,"column":0},"end":{"line":8,"column":0}},"8":{"start":{"line":9,"column":0},"end":{"line":9,"column":35}},"9":{"start":{"line":10,"column":0},"end":{"line":10,"column":47}},"10":{"start":{"line":11,"column":0},"end":{"line":11,"column":47}},"11":{"start":{"line":12,"column":0},"end":{"line":12,"column":14}},"12":{"start":{"line":13,"column":0},"end":{"line":13,"column":51}},"13":{"start":{"line":14,"column":0},"end":{"line":14,"column":9}},"14":{"start":{"line":15,"column":0},"end":{"line":15,"column":0}},"15":{"start":{"line":16,"column":0},"end":{"line":16,"column":34}},"16":{"start":{"line":17,"column":0},"end":{"line":17,"column":5}},"17":{"start":{"line":18,"column":0},"end":{"line":18,"column":1}}},"s":{"0":1,"1":1,"2":1,"3":1,"4":1,"5":1,"6":2,"7":2,"8":2,"9":2,"10":1,"11":1,"12":1,"13":1,"14":2,"15":2,"16":2,"17":1},"branchMap":{"0":{"type":"branch","line":3,"loc":{"start":{"line":3,"column":0},"end":{"line":18,"column":1}},"locations":[{"start":{"line":3,"column":0},"end":{"line":18,"column":1}}]},"1":{"type":"branch","line":6,"loc":{"start":{"line":6,"column":11},"end":{"line":17,"column":5}},"locations":[{"start":{"line":6,"column":11},"end":{"line":17,"column":5}}]},"2":{"type":"branch","line":10,"loc":{"start":{"line":10,"column":46},"end":{"line":14,"column":9}},"locations":[{"start":{"line":10,"column":46},"end":{"line":14,"column":9}}]}},"b":{"0":[1],"1":[2],"2":[1]},"fnMap":{"0":{"name":"memoize","decl":{"start":{"line":3,"column":0},"end":{"line":18,"column":1}},"loc":{"start":{"line":3,"column":0},"end":{"line":18,"column":1}},"line":3}},"f":{"0":1}}
}
